<?xml version="1.0" encoding="UTF-8"?>
<!-- Generated by org.testng.reporters.JUnitXMLReporter -->
<testsuite ignored="0" hostname="KinaBholi" failures="0" tests="10" name="Surefire test" time="20.054" errors="0" timestamp="2023-08-06T23:09:18 NPT">
  <testcase classname="api.test.DDTests" name="testPostUser" time="3.839"/>
  <testcase classname="api.test.DDTests" name="testPostUser" time="1.503"/>
  <testcase classname="api.test.DDTests" name="testPostUser" time="1.467"/>
  <testcase classname="api.test.DDTests" name="testDeleteUserByName" time="1.405"/>
  <testcase classname="api.test.DDTests" name="testDeleteUserByName" time="1.429"/>
  <testcase classname="api.test.DDTests" name="testDeleteUserByName" time="1.459"/>
  <testcase classname="api.test.UserTests" name="createUser" time="1.45"/>
  <testcase classname="api.test.UserTests" name="getUserByName" time="1.472"/>
  <testcase classname="api.test.UserTests" name="testPutUser" time="2.989"/>
  <testcase classname="api.test.UserTests" name="deleteUserByName" time="1.507"/>
</testsuite> <!-- Surefire test -->
