<?xml version="1.0" encoding="UTF-8"?>
<testng-results ignored="0" total="10" passed="10" failed="0" skipped="0">
  <reporter-output>
  </reporter-output>
  <suite started-at="2023-08-06T23:26:22 NPT" name="PetSuite" finished-at="2023-08-06T23:26:42 NPT" duration-ms="20240">
    <groups>
    </groups>
    <test started-at="2023-08-06T23:26:22 NPT" name="PetTest" finished-at="2023-08-06T23:26:42 NPT" duration-ms="20240">
      <class name="api.test.UserTests">
        <test-method is-config="true" signature="setUpData()[pri:0, instance:api.test.UserTests@7334aada]" started-at="2023-08-06T23:26:22 NPT" name="setUpData" finished-at="2023-08-06T23:26:23 NPT" duration-ms="243" status="PASS">
          <reporter-output>
          </reporter-output>
        </test-method> <!-- setUpData -->
        <test-method signature="createUser()[pri:1, instance:api.test.UserTests@7334aada]" started-at="2023-08-06T23:26:23 NPT" name="createUser" finished-at="2023-08-06T23:26:27 NPT" duration-ms="3749" status="PASS">
          <reporter-output>
          </reporter-output>
        </test-method> <!-- createUser -->
        <test-method signature="getUserByName()[pri:2, instance:api.test.UserTests@7334aada]" started-at="2023-08-06T23:26:27 NPT" name="getUserByName" finished-at="2023-08-06T23:26:28 NPT" duration-ms="1421" status="PASS">
          <reporter-output>
          </reporter-output>
        </test-method> <!-- getUserByName -->
        <test-method signature="testPutUser()[pri:3, instance:api.test.UserTests@7334aada]" started-at="2023-08-06T23:26:28 NPT" name="testPutUser" finished-at="2023-08-06T23:26:31 NPT" duration-ms="2934" status="PASS">
          <reporter-output>
          </reporter-output>
        </test-method> <!-- testPutUser -->
        <test-method signature="deleteUserByName()[pri:4, instance:api.test.UserTests@7334aada]" started-at="2023-08-06T23:26:31 NPT" name="deleteUserByName" finished-at="2023-08-06T23:26:32 NPT" duration-ms="1597" status="PASS">
          <reporter-output>
          </reporter-output>
        </test-method> <!-- deleteUserByName -->
      </class> <!-- api.test.UserTests -->
      <class name="api.test.DDTests">
        <test-method signature="testPostUser(java.lang.String,java.lang.String,java.lang.String,java.lang.String,java.lang.String,java.lang.String,java.lang.String)[pri:1, instance:api.test.DDTests@7fa98a66]" started-at="2023-08-06T23:26:34 NPT" name="testPostUser" data-provider="Data" finished-at="2023-08-06T23:26:35 NPT" duration-ms="1365" status="PASS">
          <params>
            <param index="0">
              <value>
                <![CDATA[1010]]>
              </value>
            </param>
            <param index="1">
              <value>
                <![CDATA[testuser1]]>
              </value>
            </param>
            <param index="2">
              <value>
                <![CDATA[John]]>
              </value>
            </param>
            <param index="3">
              <value>
                <![CDATA[Canedy]]>
              </value>
            </param>
            <param index="4">
              <value>
                <![CDATA[a@gmail.com]]>
              </value>
            </param>
            <param index="5">
              <value>
                <![CDATA[test@1]]>
              </value>
            </param>
            <param index="6">
              <value>
                <![CDATA[1234567899]]>
              </value>
            </param>
          </params>
          <reporter-output>
          </reporter-output>
        </test-method> <!-- testPostUser -->
        <test-method signature="testPostUser(java.lang.String,java.lang.String,java.lang.String,java.lang.String,java.lang.String,java.lang.String,java.lang.String)[pri:1, instance:api.test.DDTests@7fa98a66]" started-at="2023-08-06T23:26:35 NPT" name="testPostUser" data-provider="Data" finished-at="2023-08-06T23:26:36 NPT" duration-ms="1546" status="PASS">
          <params>
            <param index="0">
              <value>
                <![CDATA[1020]]>
              </value>
            </param>
            <param index="1">
              <value>
                <![CDATA[testuser2]]>
              </value>
            </param>
            <param index="2">
              <value>
                <![CDATA[Kim]]>
              </value>
            </param>
            <param index="3">
              <value>
                <![CDATA[Kom]]>
              </value>
            </param>
            <param index="4">
              <value>
                <![CDATA[b@gmail.com]]>
              </value>
            </param>
            <param index="5">
              <value>
                <![CDATA[test@2]]>
              </value>
            </param>
            <param index="6">
              <value>
                <![CDATA[1234567899]]>
              </value>
            </param>
          </params>
          <reporter-output>
          </reporter-output>
        </test-method> <!-- testPostUser -->
        <test-method signature="testPostUser(java.lang.String,java.lang.String,java.lang.String,java.lang.String,java.lang.String,java.lang.String,java.lang.String)[pri:1, instance:api.test.DDTests@7fa98a66]" started-at="2023-08-06T23:26:36 NPT" name="testPostUser" data-provider="Data" finished-at="2023-08-06T23:26:38 NPT" duration-ms="1392" status="PASS">
          <params>
            <param index="0">
              <value>
                <![CDATA[1030]]>
              </value>
            </param>
            <param index="1">
              <value>
                <![CDATA[testuser3]]>
              </value>
            </param>
            <param index="2">
              <value>
                <![CDATA[Smith]]>
              </value>
            </param>
            <param index="3">
              <value>
                <![CDATA[Steve]]>
              </value>
            </param>
            <param index="4">
              <value>
                <![CDATA[c@gmail.com]]>
              </value>
            </param>
            <param index="5">
              <value>
                <![CDATA[test@3]]>
              </value>
            </param>
            <param index="6">
              <value>
                <![CDATA[1234567899]]>
              </value>
            </param>
          </params>
          <reporter-output>
          </reporter-output>
        </test-method> <!-- testPostUser -->
        <test-method signature="testDeleteUserByName(java.lang.String)[pri:2, instance:api.test.DDTests@7fa98a66]" started-at="2023-08-06T23:26:38 NPT" name="testDeleteUserByName" data-provider="UserNames" finished-at="2023-08-06T23:26:39 NPT" duration-ms="1486" status="PASS">
          <params>
            <param index="0">
              <value>
                <![CDATA[testuser1]]>
              </value>
            </param>
          </params>
          <reporter-output>
          </reporter-output>
        </test-method> <!-- testDeleteUserByName -->
        <test-method signature="testDeleteUserByName(java.lang.String)[pri:2, instance:api.test.DDTests@7fa98a66]" started-at="2023-08-06T23:26:39 NPT" name="testDeleteUserByName" data-provider="UserNames" finished-at="2023-08-06T23:26:41 NPT" duration-ms="1523" status="PASS">
          <params>
            <param index="0">
              <value>
                <![CDATA[testuser2]]>
              </value>
            </param>
          </params>
          <reporter-output>
          </reporter-output>
        </test-method> <!-- testDeleteUserByName -->
        <test-method signature="testDeleteUserByName(java.lang.String)[pri:2, instance:api.test.DDTests@7fa98a66]" started-at="2023-08-06T23:26:41 NPT" name="testDeleteUserByName" data-provider="UserNames" finished-at="2023-08-06T23:26:42 NPT" duration-ms="1513" status="PASS">
          <params>
            <param index="0">
              <value>
                <![CDATA[testuser3]]>
              </value>
            </param>
          </params>
          <reporter-output>
          </reporter-output>
        </test-method> <!-- testDeleteUserByName -->
      </class> <!-- api.test.DDTests -->
    </test> <!-- PetTest -->
  </suite> <!-- PetSuite -->
</testng-results>
