<?xml version="1.0" encoding="UTF-8"?>
<!-- Generated by org.testng.reporters.JUnitXMLReporter -->
<testsuite ignored="0" hostname="KinaBholi" failures="0" tests="10" name="PetTest" time="20.24" errors="0" timestamp="2023-08-06T23:26:43 NPT">
  <testcase classname="api.test.UserTests" name="createUser" time="3.749"/>
  <testcase classname="api.test.UserTests" name="getUserByName" time="1.421"/>
  <testcase classname="api.test.UserTests" name="testPutUser" time="2.934"/>
  <testcase classname="api.test.UserTests" name="deleteUserByName" time="1.597"/>
  <testcase classname="api.test.DDTests" name="testPostUser" time="1.365"/>
  <testcase classname="api.test.DDTests" name="testPostUser" time="1.546"/>
  <testcase classname="api.test.DDTests" name="testPostUser" time="1.392"/>
  <testcase classname="api.test.DDTests" name="testDeleteUserByName" time="1.486"/>
  <testcase classname="api.test.DDTests" name="testDeleteUserByName" time="1.523"/>
  <testcase classname="api.test.DDTests" name="testDeleteUserByName" time="1.513"/>
</testsuite> <!-- PetTest -->
